10:21:06 **** Clean-only build of configuration Debug for project AlgoritmosProject_2C_EMPTY_v1.9 ****
Info: Configuration "Debug" uses tool-chain "MinGW GCC" that is unsupported on this system, attempting to build anyway.
rm -rf AlgoritmosProject_2C_EMPTY_v1.9.exe src/AlgoritmosProject_2C_FULL_v1.8.o src/AlgoritmosProject_2C_FULL_v1.8.d 

10:21:07 Build Finished. 0 errors, 0 warnings. (took 690ms)

10:21:07 **** Clean-only build of configuration Release for project AlgoritmosProject_2C_EMPTY_v1.9 ****
Info: Configuration "Release" uses tool-chain "MinGW GCC" that is unsupported on this system, attempting to build anyway.
rm -rf AlgoritmosProject_2C_EMPTY_v1.9.exe src/AlgoritmosProject_2C_FULL_v1.8.d src/AlgoritmosProject_2C_FULL_v1.8.o 
10:25:54 **** Incremental Build of configuration Debug for project AlgoritmosProject_1C_FULL_v1.8 ****
make all 
make: Nothing to be done for 'all'.
10:25:55 **** Rebuild of configuration Debug for project AlgoritmosProject_2C_EMPTY_v1.9 ****
Info: Configuration "Debug" uses tool-chain "MinGW GCC" that is unsupported on this system, attempting to build anyway.
Info: Internal Builder is used for build
g++ -O0 -g3 -Wall -c -fmessage-length=0 -o src/AlgoritmosProject_2C_FULL_v1.8.o ../src/AlgoritmosProject_2C_FULL_v1.8.cpp 
g++ -o AlgoritmosProject_2C_EMPTY_v1.9.exe src/AlgoritmosProject_2C_FULL_v1.8.o 
10:28:04 **** Incremental Build of configuration Debug for project AlgoritmosProject_1C_FULL_v1.8 ****
make all 
make: Nothing to be done for 'all'.
Info: Nothing to build for AlgoritmosProject_2C_EMPTY_v1.9
10:28:07 **** Build of configuration Debug for project ProyectoGuia2 ****
make all 
make: Nothing to be done for 'all'.
Info: Nothing to build for AlgoritmosProject_2C_EMPTY_v1.9
